26-Sep-2025 10:48:07.142 信息 [main] org.apache.catalina.startup.VersionLoggerListener.log Server.服务器版本: Apache Tomcat/9.0.99
26-Sep-2025 10:48:07.191 信息 [main] org.apache.catalina.startup.VersionLoggerListener.log 服务器构建:        Feb 4 2025 20:08:08 UTC
26-Sep-2025 10:48:07.192 信息 [main] org.apache.catalina.startup.VersionLoggerListener.log 服务器版本号:      9.0.99.0
26-Sep-2025 10:48:07.192 信息 [main] org.apache.catalina.startup.VersionLoggerListener.log 操作系统名称:      Windows 10
26-Sep-2025 10:48:07.192 信息 [main] org.apache.catalina.startup.VersionLoggerListener.log OS.版本:           10.0
26-Sep-2025 10:48:07.193 信息 [main] org.apache.catalina.startup.VersionLoggerListener.log 架构:              amd64
26-Sep-2025 10:48:07.193 信息 [main] org.apache.catalina.startup.VersionLoggerListener.log Java 环境变量:     D:\可运行文件Tomcat版\runSystem(4)\runSystem\jre
26-Sep-2025 10:48:07.193 信息 [main] org.apache.catalina.startup.VersionLoggerListener.log Java虚拟机版本:    1.8.0_152-b16
26-Sep-2025 10:48:07.193 信息 [main] org.apache.catalina.startup.VersionLoggerListener.log JVM.供应商:        Oracle Corporation
26-Sep-2025 10:48:07.194 信息 [main] org.apache.catalina.startup.VersionLoggerListener.log CATALINA_BASE:     D:\可运行文件Tomcat版\runSystem(4)\runSystem
26-Sep-2025 10:48:07.194 信息 [main] org.apache.catalina.startup.VersionLoggerListener.log CATALINA_HOME:     D:\可运行文件Tomcat版\runSystem(4)\runSystem
26-Sep-2025 10:48:07.251 信息 [main] org.apache.catalina.startup.VersionLoggerListener.log 命令行参数：       -Djava.util.logging.config.file=D:\可运行文件Tomcat版\runSystem(4)\runSystem\conf\logging.properties
26-Sep-2025 10:48:07.251 信息 [main] org.apache.catalina.startup.VersionLoggerListener.log 命令行参数：       -Djava.util.logging.manager=org.apache.juli.ClassLoaderLogManager
26-Sep-2025 10:48:07.251 信息 [main] org.apache.catalina.startup.VersionLoggerListener.log 命令行参数：       -Djdk.tls.ephemeralDHKeySize=2048
26-Sep-2025 10:48:07.251 信息 [main] org.apache.catalina.startup.VersionLoggerListener.log 命令行参数：       -Djava.protocol.handler.pkgs=org.apache.catalina.webresources
26-Sep-2025 10:48:07.251 信息 [main] org.apache.catalina.startup.VersionLoggerListener.log 命令行参数：       -Dsun.io.useCanonCaches=false
26-Sep-2025 10:48:07.252 信息 [main] org.apache.catalina.startup.VersionLoggerListener.log 命令行参数：       -Dignore.endorsed.dirs=
26-Sep-2025 10:48:07.252 信息 [main] org.apache.catalina.startup.VersionLoggerListener.log 命令行参数：       -Dcatalina.base=D:\可运行文件Tomcat版\runSystem(4)\runSystem
26-Sep-2025 10:48:07.252 信息 [main] org.apache.catalina.startup.VersionLoggerListener.log 命令行参数：       -Dcatalina.home=D:\可运行文件Tomcat版\runSystem(4)\runSystem
26-Sep-2025 10:48:07.252 信息 [main] org.apache.catalina.startup.VersionLoggerListener.log 命令行参数：       -Djava.io.tmpdir=D:\可运行文件Tomcat版\runSystem(4)\runSystem\temp
26-Sep-2025 10:48:07.309 信息 [main] org.apache.catalina.core.AprLifecycleListener.lifecycleEvent 使用APR版本[1.7.4]加载了基于APR的Apache Tomcat本机库[1.3.1]。
26-Sep-2025 10:48:07.310 信息 [main] org.apache.catalina.core.AprLifecycleListener.lifecycleEvent APR功能：IPv6[true]、sendfile[true]、accept filters[false]、random[true]、UDS [true]。
26-Sep-2025 10:48:07.310 信息 [main] org.apache.catalina.core.AprLifecycleListener.lifecycleEvent APR/OpenSSL配置：useAprConnector[false]，useOpenSSL[true]
26-Sep-2025 10:48:07.347 信息 [main] org.apache.catalina.core.AprLifecycleListener.initializeSSL OpenSSL成功初始化 [OpenSSL 3.0.14 4 Jun 2024]
26-Sep-2025 10:48:07.883 信息 [main] org.apache.coyote.AbstractProtocol.init 初始化协议处理器 ["http-nio-8092"]
26-Sep-2025 10:48:07.926 信息 [main] org.apache.catalina.startup.Catalina.load 服务器在[1058]毫秒内初始化
26-Sep-2025 10:48:07.946 信息 [main] org.apache.catalina.core.StandardService.startInternal 正在启动服务[Catalina]
26-Sep-2025 10:48:07.946 信息 [main] org.apache.catalina.core.StandardEngine.startInternal 正在启动 Servlet 引擎：[Apache Tomcat/9.0.99]
26-Sep-2025 10:48:07.952 信息 [main] org.apache.catalina.startup.HostConfig.deployDirectory 把web 应用程序部署到目录 [D:\可运行文件Tomcat版\runSystem(4)\runSystem\webapps\app]
26-Sep-2025 10:48:08.468 警告 [main] org.apache.catalina.util.SessionIdGeneratorBase.createSecureRandom 使用[SHA1PRNG]创建会话ID生成的SecureRandom实例花费了[250]毫秒。
26-Sep-2025 10:48:08.520 信息 [main] org.apache.catalina.startup.HostConfig.deployDirectory Web应用程序目录[D:\可运行文件Tomcat版\runSystem(4)\runSystem\webapps\app]的部署已在[568]毫秒内完成
26-Sep-2025 10:48:08.524 信息 [main] org.apache.coyote.AbstractProtocol.start 开始协议处理句柄["http-nio-8092"]
26-Sep-2025 10:48:08.548 信息 [main] org.apache.catalina.startup.Catalina.start [621]毫秒后服务器启动
