31-Jul-2025 11:45:51.588 信息 [main] org.apache.catalina.startup.VersionLoggerListener.log Server.服务器版本: Apache Tomcat/9.0.99
31-Jul-2025 11:45:51.590 信息 [main] org.apache.catalina.startup.VersionLoggerListener.log 服务器构建:        Feb 4 2025 20:08:08 UTC
31-Jul-2025 11:45:51.590 信息 [main] org.apache.catalina.startup.VersionLoggerListener.log 服务器版本号:      9.0.99.0
31-Jul-2025 11:45:51.590 信息 [main] org.apache.catalina.startup.VersionLoggerListener.log 操作系统名称:      Windows 10
31-Jul-2025 11:45:51.590 信息 [main] org.apache.catalina.startup.VersionLoggerListener.log OS.版本:           10.0
31-Jul-2025 11:45:51.590 信息 [main] org.apache.catalina.startup.VersionLoggerListener.log 架构:              amd64
31-Jul-2025 11:45:51.590 信息 [main] org.apache.catalina.startup.VersionLoggerListener.log Java 环境变量:     D:\可运行文件Tomcat版\runSystem(4)\runSystem\jre
31-Jul-2025 11:45:51.590 信息 [main] org.apache.catalina.startup.VersionLoggerListener.log Java虚拟机版本:    1.8.0_152-b16
31-Jul-2025 11:45:51.590 信息 [main] org.apache.catalina.startup.VersionLoggerListener.log JVM.供应商:        Oracle Corporation
31-Jul-2025 11:45:51.591 信息 [main] org.apache.catalina.startup.VersionLoggerListener.log CATALINA_BASE:     D:\可运行文件Tomcat版\runSystem(4)\runSystem
31-Jul-2025 11:45:51.591 信息 [main] org.apache.catalina.startup.VersionLoggerListener.log CATALINA_HOME:     D:\可运行文件Tomcat版\runSystem(4)\runSystem
31-Jul-2025 11:45:51.592 信息 [main] org.apache.catalina.startup.VersionLoggerListener.log 命令行参数：       -Djava.util.logging.config.file=D:\可运行文件Tomcat版\runSystem(4)\runSystem\conf\logging.properties
31-Jul-2025 11:45:51.592 信息 [main] org.apache.catalina.startup.VersionLoggerListener.log 命令行参数：       -Djava.util.logging.manager=org.apache.juli.ClassLoaderLogManager
31-Jul-2025 11:45:51.592 信息 [main] org.apache.catalina.startup.VersionLoggerListener.log 命令行参数：       -Djdk.tls.ephemeralDHKeySize=2048
31-Jul-2025 11:45:51.592 信息 [main] org.apache.catalina.startup.VersionLoggerListener.log 命令行参数：       -Djava.protocol.handler.pkgs=org.apache.catalina.webresources
31-Jul-2025 11:45:51.592 信息 [main] org.apache.catalina.startup.VersionLoggerListener.log 命令行参数：       -Dsun.io.useCanonCaches=false
31-Jul-2025 11:45:51.592 信息 [main] org.apache.catalina.startup.VersionLoggerListener.log 命令行参数：       -Dignore.endorsed.dirs=
31-Jul-2025 11:45:51.592 信息 [main] org.apache.catalina.startup.VersionLoggerListener.log 命令行参数：       -Dcatalina.base=D:\可运行文件Tomcat版\runSystem(4)\runSystem
31-Jul-2025 11:45:51.592 信息 [main] org.apache.catalina.startup.VersionLoggerListener.log 命令行参数：       -Dcatalina.home=D:\可运行文件Tomcat版\runSystem(4)\runSystem
31-Jul-2025 11:45:51.592 信息 [main] org.apache.catalina.startup.VersionLoggerListener.log 命令行参数：       -Djava.io.tmpdir=D:\可运行文件Tomcat版\runSystem(4)\runSystem\temp
31-Jul-2025 11:45:51.595 信息 [main] org.apache.catalina.core.AprLifecycleListener.lifecycleEvent 使用APR版本[1.7.4]加载了基于APR的Apache Tomcat本机库[1.3.1]。
31-Jul-2025 11:45:51.595 信息 [main] org.apache.catalina.core.AprLifecycleListener.lifecycleEvent APR功能：IPv6[true]、sendfile[true]、accept filters[false]、random[true]、UDS [true]。
31-Jul-2025 11:45:51.595 信息 [main] org.apache.catalina.core.AprLifecycleListener.lifecycleEvent APR/OpenSSL配置：useAprConnector[false]，useOpenSSL[true]
31-Jul-2025 11:45:51.600 信息 [main] org.apache.catalina.core.AprLifecycleListener.initializeSSL OpenSSL成功初始化 [OpenSSL 3.0.14 4 Jun 2024]
31-Jul-2025 11:45:51.782 信息 [main] org.apache.coyote.AbstractProtocol.init 初始化协议处理器 ["http-nio-8092"]
31-Jul-2025 11:45:51.794 信息 [main] org.apache.catalina.startup.Catalina.load 服务器在[333]毫秒内初始化
31-Jul-2025 11:45:51.814 信息 [main] org.apache.catalina.core.StandardService.startInternal 正在启动服务[Catalina]
31-Jul-2025 11:45:51.815 信息 [main] org.apache.catalina.core.StandardEngine.startInternal 正在启动 Servlet 引擎：[Apache Tomcat/9.0.99]
31-Jul-2025 11:45:51.821 信息 [main] org.apache.catalina.startup.HostConfig.deployDirectory 把web 应用程序部署到目录 [D:\可运行文件Tomcat版\runSystem(4)\runSystem\webapps\app]
31-Jul-2025 11:45:52.076 警告 [main] org.apache.catalina.util.SessionIdGeneratorBase.createSecureRandom 使用[SHA1PRNG]创建会话ID生成的SecureRandom实例花费了[109]毫秒。
31-Jul-2025 11:45:52.091 信息 [main] org.apache.catalina.startup.HostConfig.deployDirectory Web应用程序目录[D:\可运行文件Tomcat版\runSystem(4)\runSystem\webapps\app]的部署已在[270]毫秒内完成
31-Jul-2025 11:45:52.091 信息 [main] org.apache.catalina.startup.HostConfig.deployDirectory 把web 应用程序部署到目录 [D:\可运行文件Tomcat版\runSystem(4)\runSystem\webapps\app1]
31-Jul-2025 11:45:52.109 信息 [main] org.apache.catalina.startup.HostConfig.deployDirectory Web应用程序目录[D:\可运行文件Tomcat版\runSystem(4)\runSystem\webapps\app1]的部署已在[18]毫秒内完成
31-Jul-2025 11:45:52.109 信息 [main] org.apache.catalina.startup.HostConfig.deployDirectory 把web 应用程序部署到目录 [D:\可运行文件Tomcat版\runSystem(4)\runSystem\webapps\app2]
31-Jul-2025 11:45:52.126 信息 [main] org.apache.catalina.startup.HostConfig.deployDirectory Web应用程序目录[D:\可运行文件Tomcat版\runSystem(4)\runSystem\webapps\app2]的部署已在[17]毫秒内完成
31-Jul-2025 11:45:52.127 信息 [main] org.apache.catalina.startup.HostConfig.deployDirectory 把web 应用程序部署到目录 [D:\可运行文件Tomcat版\runSystem(4)\runSystem\webapps\app3]
31-Jul-2025 11:45:52.142 信息 [main] org.apache.catalina.startup.HostConfig.deployDirectory Web应用程序目录[D:\可运行文件Tomcat版\runSystem(4)\runSystem\webapps\app3]的部署已在[16]毫秒内完成
31-Jul-2025 11:45:52.146 信息 [main] org.apache.coyote.AbstractProtocol.start 开始协议处理句柄["http-nio-8092"]
31-Jul-2025 11:45:52.156 信息 [main] org.apache.catalina.startup.Catalina.start [361]毫秒后服务器启动
31-Jul-2025 13:00:14.031 信息 [main] org.apache.catalina.startup.VersionLoggerListener.log Server.服务器版本: Apache Tomcat/9.0.99
31-Jul-2025 13:00:14.033 信息 [main] org.apache.catalina.startup.VersionLoggerListener.log 服务器构建:        Feb 4 2025 20:08:08 UTC
31-Jul-2025 13:00:14.034 信息 [main] org.apache.catalina.startup.VersionLoggerListener.log 服务器版本号:      9.0.99.0
31-Jul-2025 13:00:14.034 信息 [main] org.apache.catalina.startup.VersionLoggerListener.log 操作系统名称:      Windows 10
31-Jul-2025 13:00:14.034 信息 [main] org.apache.catalina.startup.VersionLoggerListener.log OS.版本:           10.0
31-Jul-2025 13:00:14.034 信息 [main] org.apache.catalina.startup.VersionLoggerListener.log 架构:              amd64
31-Jul-2025 13:00:14.034 信息 [main] org.apache.catalina.startup.VersionLoggerListener.log Java 环境变量:     D:\可运行文件Tomcat版\runSystem(4)\runSystem\jre
31-Jul-2025 13:00:14.034 信息 [main] org.apache.catalina.startup.VersionLoggerListener.log Java虚拟机版本:    1.8.0_152-b16
31-Jul-2025 13:00:14.034 信息 [main] org.apache.catalina.startup.VersionLoggerListener.log JVM.供应商:        Oracle Corporation
31-Jul-2025 13:00:14.034 信息 [main] org.apache.catalina.startup.VersionLoggerListener.log CATALINA_BASE:     D:\可运行文件Tomcat版\runSystem(4)\runSystem
31-Jul-2025 13:00:14.034 信息 [main] org.apache.catalina.startup.VersionLoggerListener.log CATALINA_HOME:     D:\可运行文件Tomcat版\runSystem(4)\runSystem
31-Jul-2025 13:00:14.035 信息 [main] org.apache.catalina.startup.VersionLoggerListener.log 命令行参数：       -Djava.util.logging.config.file=D:\可运行文件Tomcat版\runSystem(4)\runSystem\conf\logging.properties
31-Jul-2025 13:00:14.035 信息 [main] org.apache.catalina.startup.VersionLoggerListener.log 命令行参数：       -Djava.util.logging.manager=org.apache.juli.ClassLoaderLogManager
31-Jul-2025 13:00:14.035 信息 [main] org.apache.catalina.startup.VersionLoggerListener.log 命令行参数：       -Djdk.tls.ephemeralDHKeySize=2048
31-Jul-2025 13:00:14.035 信息 [main] org.apache.catalina.startup.VersionLoggerListener.log 命令行参数：       -Djava.protocol.handler.pkgs=org.apache.catalina.webresources
31-Jul-2025 13:00:14.035 信息 [main] org.apache.catalina.startup.VersionLoggerListener.log 命令行参数：       -Dsun.io.useCanonCaches=false
31-Jul-2025 13:00:14.035 信息 [main] org.apache.catalina.startup.VersionLoggerListener.log 命令行参数：       -Dignore.endorsed.dirs=
31-Jul-2025 13:00:14.035 信息 [main] org.apache.catalina.startup.VersionLoggerListener.log 命令行参数：       -Dcatalina.base=D:\可运行文件Tomcat版\runSystem(4)\runSystem
31-Jul-2025 13:00:14.036 信息 [main] org.apache.catalina.startup.VersionLoggerListener.log 命令行参数：       -Dcatalina.home=D:\可运行文件Tomcat版\runSystem(4)\runSystem
31-Jul-2025 13:00:14.036 信息 [main] org.apache.catalina.startup.VersionLoggerListener.log 命令行参数：       -Djava.io.tmpdir=D:\可运行文件Tomcat版\runSystem(4)\runSystem\temp
31-Jul-2025 13:00:14.038 信息 [main] org.apache.catalina.core.AprLifecycleListener.lifecycleEvent 使用APR版本[1.7.4]加载了基于APR的Apache Tomcat本机库[1.3.1]。
31-Jul-2025 13:00:14.038 信息 [main] org.apache.catalina.core.AprLifecycleListener.lifecycleEvent APR功能：IPv6[true]、sendfile[true]、accept filters[false]、random[true]、UDS [true]。
31-Jul-2025 13:00:14.038 信息 [main] org.apache.catalina.core.AprLifecycleListener.lifecycleEvent APR/OpenSSL配置：useAprConnector[false]，useOpenSSL[true]
31-Jul-2025 13:00:14.043 信息 [main] org.apache.catalina.core.AprLifecycleListener.initializeSSL OpenSSL成功初始化 [OpenSSL 3.0.14 4 Jun 2024]
31-Jul-2025 13:00:14.202 信息 [main] org.apache.coyote.AbstractProtocol.init 初始化协议处理器 ["http-nio-8092"]
31-Jul-2025 13:00:14.213 信息 [main] org.apache.catalina.startup.Catalina.load 服务器在[298]毫秒内初始化
31-Jul-2025 13:00:14.230 信息 [main] org.apache.catalina.core.StandardService.startInternal 正在启动服务[Catalina]
31-Jul-2025 13:00:14.230 信息 [main] org.apache.catalina.core.StandardEngine.startInternal 正在启动 Servlet 引擎：[Apache Tomcat/9.0.99]
31-Jul-2025 13:00:14.236 信息 [main] org.apache.catalina.startup.HostConfig.deployDirectory 把web 应用程序部署到目录 [D:\可运行文件Tomcat版\runSystem(4)\runSystem\webapps\app]
31-Jul-2025 13:00:14.469 警告 [main] org.apache.catalina.util.SessionIdGeneratorBase.createSecureRandom 使用[SHA1PRNG]创建会话ID生成的SecureRandom实例花费了[102]毫秒。
31-Jul-2025 13:00:14.481 信息 [main] org.apache.catalina.startup.HostConfig.deployDirectory Web应用程序目录[D:\可运行文件Tomcat版\runSystem(4)\runSystem\webapps\app]的部署已在[245]毫秒内完成
31-Jul-2025 13:00:14.481 信息 [main] org.apache.catalina.startup.HostConfig.deployDirectory 把web 应用程序部署到目录 [D:\可运行文件Tomcat版\runSystem(4)\runSystem\webapps\app1]
31-Jul-2025 13:00:14.497 信息 [main] org.apache.catalina.startup.HostConfig.deployDirectory Web应用程序目录[D:\可运行文件Tomcat版\runSystem(4)\runSystem\webapps\app1]的部署已在[16]毫秒内完成
31-Jul-2025 13:00:14.497 信息 [main] org.apache.catalina.startup.HostConfig.deployDirectory 把web 应用程序部署到目录 [D:\可运行文件Tomcat版\runSystem(4)\runSystem\webapps\app2]
31-Jul-2025 13:00:14.513 信息 [main] org.apache.catalina.startup.HostConfig.deployDirectory Web应用程序目录[D:\可运行文件Tomcat版\runSystem(4)\runSystem\webapps\app2]的部署已在[15]毫秒内完成
31-Jul-2025 13:00:14.513 信息 [main] org.apache.catalina.startup.HostConfig.deployDirectory 把web 应用程序部署到目录 [D:\可运行文件Tomcat版\runSystem(4)\runSystem\webapps\app3]
31-Jul-2025 13:00:14.525 信息 [main] org.apache.catalina.startup.HostConfig.deployDirectory Web应用程序目录[D:\可运行文件Tomcat版\runSystem(4)\runSystem\webapps\app3]的部署已在[12]毫秒内完成
31-Jul-2025 13:00:14.528 信息 [main] org.apache.coyote.AbstractProtocol.start 开始协议处理句柄["http-nio-8092"]
31-Jul-2025 13:00:14.539 信息 [main] org.apache.catalina.startup.Catalina.start [325]毫秒后服务器启动
