05-Aug-2025 10:42:51.560 信息 [main] org.apache.catalina.startup.VersionLoggerListener.log Server.服务器版本: Apache Tomcat/9.0.99
05-Aug-2025 10:42:51.609 信息 [main] org.apache.catalina.startup.VersionLoggerListener.log 服务器构建:        Feb 4 2025 20:08:08 UTC
05-Aug-2025 10:42:51.610 信息 [main] org.apache.catalina.startup.VersionLoggerListener.log 服务器版本号:      9.0.99.0
05-Aug-2025 10:42:51.610 信息 [main] org.apache.catalina.startup.VersionLoggerListener.log 操作系统名称:      Windows 10
05-Aug-2025 10:42:51.610 信息 [main] org.apache.catalina.startup.VersionLoggerListener.log OS.版本:           10.0
05-Aug-2025 10:42:51.610 信息 [main] org.apache.catalina.startup.VersionLoggerListener.log 架构:              amd64
05-Aug-2025 10:42:51.610 信息 [main] org.apache.catalina.startup.VersionLoggerListener.log Java 环境变量:     D:\可运行文件Tomcat版\runSystem(4)\runSystem\jre
05-Aug-2025 10:42:51.610 信息 [main] org.apache.catalina.startup.VersionLoggerListener.log Java虚拟机版本:    1.8.0_152-b16
05-Aug-2025 10:42:51.611 信息 [main] org.apache.catalina.startup.VersionLoggerListener.log JVM.供应商:        Oracle Corporation
05-Aug-2025 10:42:51.611 信息 [main] org.apache.catalina.startup.VersionLoggerListener.log CATALINA_BASE:     D:\可运行文件Tomcat版\runSystem(4)\runSystem
05-Aug-2025 10:42:51.611 信息 [main] org.apache.catalina.startup.VersionLoggerListener.log CATALINA_HOME:     D:\可运行文件Tomcat版\runSystem(4)\runSystem
05-Aug-2025 10:42:51.670 信息 [main] org.apache.catalina.startup.VersionLoggerListener.log 命令行参数：       -Djava.util.logging.config.file=D:\可运行文件Tomcat版\runSystem(4)\runSystem\conf\logging.properties
05-Aug-2025 10:42:51.670 信息 [main] org.apache.catalina.startup.VersionLoggerListener.log 命令行参数：       -Djava.util.logging.manager=org.apache.juli.ClassLoaderLogManager
05-Aug-2025 10:42:51.670 信息 [main] org.apache.catalina.startup.VersionLoggerListener.log 命令行参数：       -Djdk.tls.ephemeralDHKeySize=2048
05-Aug-2025 10:42:51.670 信息 [main] org.apache.catalina.startup.VersionLoggerListener.log 命令行参数：       -Djava.protocol.handler.pkgs=org.apache.catalina.webresources
05-Aug-2025 10:42:51.670 信息 [main] org.apache.catalina.startup.VersionLoggerListener.log 命令行参数：       -Dsun.io.useCanonCaches=false
05-Aug-2025 10:42:51.671 信息 [main] org.apache.catalina.startup.VersionLoggerListener.log 命令行参数：       -Dignore.endorsed.dirs=
05-Aug-2025 10:42:51.671 信息 [main] org.apache.catalina.startup.VersionLoggerListener.log 命令行参数：       -Dcatalina.base=D:\可运行文件Tomcat版\runSystem(4)\runSystem
05-Aug-2025 10:42:51.671 信息 [main] org.apache.catalina.startup.VersionLoggerListener.log 命令行参数：       -Dcatalina.home=D:\可运行文件Tomcat版\runSystem(4)\runSystem
05-Aug-2025 10:42:51.671 信息 [main] org.apache.catalina.startup.VersionLoggerListener.log 命令行参数：       -Djava.io.tmpdir=D:\可运行文件Tomcat版\runSystem(4)\runSystem\temp
05-Aug-2025 10:42:51.725 信息 [main] org.apache.catalina.core.AprLifecycleListener.lifecycleEvent 使用APR版本[1.7.4]加载了基于APR的Apache Tomcat本机库[1.3.1]。
05-Aug-2025 10:42:51.725 信息 [main] org.apache.catalina.core.AprLifecycleListener.lifecycleEvent APR功能：IPv6[true]、sendfile[true]、accept filters[false]、random[true]、UDS [true]。
05-Aug-2025 10:42:51.725 信息 [main] org.apache.catalina.core.AprLifecycleListener.lifecycleEvent APR/OpenSSL配置：useAprConnector[false]，useOpenSSL[true]
05-Aug-2025 10:42:51.778 信息 [main] org.apache.catalina.core.AprLifecycleListener.initializeSSL OpenSSL成功初始化 [OpenSSL 3.0.14 4 Jun 2024]
05-Aug-2025 10:42:52.343 信息 [main] org.apache.coyote.AbstractProtocol.init 初始化协议处理器 ["http-nio-8092"]
05-Aug-2025 10:42:52.400 信息 [main] org.apache.catalina.startup.Catalina.load 服务器在[1103]毫秒内初始化
05-Aug-2025 10:42:52.436 信息 [main] org.apache.catalina.core.StandardService.startInternal 正在启动服务[Catalina]
05-Aug-2025 10:42:52.436 信息 [main] org.apache.catalina.core.StandardEngine.startInternal 正在启动 Servlet 引擎：[Apache Tomcat/9.0.99]
05-Aug-2025 10:42:52.450 信息 [main] org.apache.catalina.startup.HostConfig.deployDirectory 把web 应用程序部署到目录 [D:\可运行文件Tomcat版\runSystem(4)\runSystem\webapps\app]
05-Aug-2025 10:42:53.061 警告 [main] org.apache.catalina.util.SessionIdGeneratorBase.createSecureRandom 使用[SHA1PRNG]创建会话ID生成的SecureRandom实例花费了[255]毫秒。
05-Aug-2025 10:42:53.139 信息 [main] org.apache.catalina.startup.HostConfig.deployDirectory Web应用程序目录[D:\可运行文件Tomcat版\runSystem(4)\runSystem\webapps\app]的部署已在[688]毫秒内完成
05-Aug-2025 10:42:53.140 信息 [main] org.apache.catalina.startup.HostConfig.deployDirectory 把web 应用程序部署到目录 [D:\可运行文件Tomcat版\runSystem(4)\runSystem\webapps\app1]
05-Aug-2025 10:42:53.174 信息 [main] org.apache.catalina.startup.HostConfig.deployDirectory Web应用程序目录[D:\可运行文件Tomcat版\runSystem(4)\runSystem\webapps\app1]的部署已在[34]毫秒内完成
05-Aug-2025 10:42:53.179 信息 [main] org.apache.coyote.AbstractProtocol.start 开始协议处理句柄["http-nio-8092"]
05-Aug-2025 10:42:53.201 信息 [main] org.apache.catalina.startup.Catalina.start [800]毫秒后服务器启动
