25-Sep-2025 19:59:35.609 信息 [main] org.apache.catalina.startup.VersionLoggerListener.log Server.服务器版本: Apache Tomcat/9.0.99
25-Sep-2025 19:59:35.687 信息 [main] org.apache.catalina.startup.VersionLoggerListener.log 服务器构建:        Feb 4 2025 20:08:08 UTC
25-Sep-2025 19:59:35.687 信息 [main] org.apache.catalina.startup.VersionLoggerListener.log 服务器版本号:      9.0.99.0
25-Sep-2025 19:59:35.687 信息 [main] org.apache.catalina.startup.VersionLoggerListener.log 操作系统名称:      Windows 10
25-Sep-2025 19:59:35.687 信息 [main] org.apache.catalina.startup.VersionLoggerListener.log OS.版本:           10.0
25-Sep-2025 19:59:35.687 信息 [main] org.apache.catalina.startup.VersionLoggerListener.log 架构:              amd64
25-Sep-2025 19:59:35.687 信息 [main] org.apache.catalina.startup.VersionLoggerListener.log Java 环境变量:     C:\Users\zhangzuomin\Desktop\runSystem0926\runSystem\jre
25-Sep-2025 19:59:35.687 信息 [main] org.apache.catalina.startup.VersionLoggerListener.log Java虚拟机版本:    1.8.0_152-b16
25-Sep-2025 19:59:35.687 信息 [main] org.apache.catalina.startup.VersionLoggerListener.log JVM.供应商:        Oracle Corporation
25-Sep-2025 19:59:35.687 信息 [main] org.apache.catalina.startup.VersionLoggerListener.log CATALINA_BASE:     C:\Users\zhangzuomin\Desktop\runSystem0926\runSystem
25-Sep-2025 19:59:35.687 信息 [main] org.apache.catalina.startup.VersionLoggerListener.log CATALINA_HOME:     C:\Users\zhangzuomin\Desktop\runSystem0926\runSystem
25-Sep-2025 19:59:35.687 信息 [main] org.apache.catalina.startup.VersionLoggerListener.log 命令行参数：       -Djava.util.logging.config.file=C:\Users\zhangzuomin\Desktop\runSystem0926\runSystem\conf\logging.properties
25-Sep-2025 19:59:35.687 信息 [main] org.apache.catalina.startup.VersionLoggerListener.log 命令行参数：       -Djava.util.logging.manager=org.apache.juli.ClassLoaderLogManager
25-Sep-2025 19:59:35.687 信息 [main] org.apache.catalina.startup.VersionLoggerListener.log 命令行参数：       -Djdk.tls.ephemeralDHKeySize=2048
25-Sep-2025 19:59:35.687 信息 [main] org.apache.catalina.startup.VersionLoggerListener.log 命令行参数：       -Djava.protocol.handler.pkgs=org.apache.catalina.webresources
25-Sep-2025 19:59:35.687 信息 [main] org.apache.catalina.startup.VersionLoggerListener.log 命令行参数：       -Dsun.io.useCanonCaches=false
25-Sep-2025 19:59:35.687 信息 [main] org.apache.catalina.startup.VersionLoggerListener.log 命令行参数：       -Dignore.endorsed.dirs=
25-Sep-2025 19:59:35.687 信息 [main] org.apache.catalina.startup.VersionLoggerListener.log 命令行参数：       -Dcatalina.base=C:\Users\zhangzuomin\Desktop\runSystem0926\runSystem
25-Sep-2025 19:59:35.687 信息 [main] org.apache.catalina.startup.VersionLoggerListener.log 命令行参数：       -Dcatalina.home=C:\Users\zhangzuomin\Desktop\runSystem0926\runSystem
25-Sep-2025 19:59:35.687 信息 [main] org.apache.catalina.startup.VersionLoggerListener.log 命令行参数：       -Djava.io.tmpdir=C:\Users\zhangzuomin\Desktop\runSystem0926\runSystem\temp
25-Sep-2025 19:59:35.859 信息 [main] org.apache.catalina.core.AprLifecycleListener.lifecycleEvent 使用APR版本[1.7.4]加载了基于APR的Apache Tomcat本机库[1.3.1]。
25-Sep-2025 19:59:35.859 信息 [main] org.apache.catalina.core.AprLifecycleListener.lifecycleEvent APR功能：IPv6[true]、sendfile[true]、accept filters[false]、random[true]、UDS [true]。
25-Sep-2025 19:59:35.859 信息 [main] org.apache.catalina.core.AprLifecycleListener.lifecycleEvent APR/OpenSSL配置：useAprConnector[false]，useOpenSSL[true]
25-Sep-2025 19:59:35.890 信息 [main] org.apache.catalina.core.AprLifecycleListener.initializeSSL OpenSSL成功初始化 [OpenSSL 3.0.14 4 Jun 2024]
25-Sep-2025 19:59:36.413 信息 [main] org.apache.coyote.AbstractProtocol.init 初始化协议处理器 ["http-nio-8092"]
25-Sep-2025 19:59:36.444 信息 [main] org.apache.catalina.startup.Catalina.load 服务器在[1085]毫秒内初始化
25-Sep-2025 19:59:36.522 信息 [main] org.apache.catalina.core.StandardService.startInternal 正在启动服务[Catalina]
25-Sep-2025 19:59:36.522 信息 [main] org.apache.catalina.core.StandardEngine.startInternal 正在启动 Servlet 引擎：[Apache Tomcat/9.0.99]
25-Sep-2025 19:59:36.538 信息 [main] org.apache.catalina.startup.HostConfig.deployDirectory 把web 应用程序部署到目录 [C:\Users\zhangzuomin\Desktop\runSystem0926\runSystem\webapps\app]
25-Sep-2025 19:59:37.135 警告 [main] org.apache.catalina.util.SessionIdGeneratorBase.createSecureRandom 使用[SHA1PRNG]创建会话ID生成的SecureRandom实例花费了[284]毫秒。
25-Sep-2025 19:59:37.213 信息 [main] org.apache.catalina.startup.HostConfig.deployDirectory Web应用程序目录[C:\Users\zhangzuomin\Desktop\runSystem0926\runSystem\webapps\app]的部署已在[675]毫秒内完成
25-Sep-2025 19:59:37.229 信息 [main] org.apache.coyote.AbstractProtocol.start 开始协议处理句柄["http-nio-8092"]
25-Sep-2025 19:59:37.307 信息 [main] org.apache.catalina.startup.Catalina.start [856]毫秒后服务器启动
25-Sep-2025 20:30:40.395 信息 [main] org.apache.catalina.startup.VersionLoggerListener.log Server.服务器版本: Apache Tomcat/9.0.99
25-Sep-2025 20:30:40.442 信息 [main] org.apache.catalina.startup.VersionLoggerListener.log 服务器构建:        Feb 4 2025 20:08:08 UTC
25-Sep-2025 20:30:40.442 信息 [main] org.apache.catalina.startup.VersionLoggerListener.log 服务器版本号:      9.0.99.0
25-Sep-2025 20:30:40.442 信息 [main] org.apache.catalina.startup.VersionLoggerListener.log 操作系统名称:      Windows 10
25-Sep-2025 20:30:40.442 信息 [main] org.apache.catalina.startup.VersionLoggerListener.log OS.版本:           10.0
25-Sep-2025 20:30:40.442 信息 [main] org.apache.catalina.startup.VersionLoggerListener.log 架构:              amd64
25-Sep-2025 20:30:40.442 信息 [main] org.apache.catalina.startup.VersionLoggerListener.log Java 环境变量:     C:\Users\zhangzuomin\Desktop\runSystem0926\runSystem\jre
25-Sep-2025 20:30:40.442 信息 [main] org.apache.catalina.startup.VersionLoggerListener.log Java虚拟机版本:    1.8.0_152-b16
25-Sep-2025 20:30:40.442 信息 [main] org.apache.catalina.startup.VersionLoggerListener.log JVM.供应商:        Oracle Corporation
25-Sep-2025 20:30:40.442 信息 [main] org.apache.catalina.startup.VersionLoggerListener.log CATALINA_BASE:     C:\Users\zhangzuomin\Desktop\runSystem0926\runSystem
25-Sep-2025 20:30:40.442 信息 [main] org.apache.catalina.startup.VersionLoggerListener.log CATALINA_HOME:     C:\Users\zhangzuomin\Desktop\runSystem0926\runSystem
25-Sep-2025 20:30:40.458 信息 [main] org.apache.catalina.startup.VersionLoggerListener.log 命令行参数：       -Djava.util.logging.config.file=C:\Users\zhangzuomin\Desktop\runSystem0926\runSystem\conf\logging.properties
25-Sep-2025 20:30:40.458 信息 [main] org.apache.catalina.startup.VersionLoggerListener.log 命令行参数：       -Djava.util.logging.manager=org.apache.juli.ClassLoaderLogManager
25-Sep-2025 20:30:40.458 信息 [main] org.apache.catalina.startup.VersionLoggerListener.log 命令行参数：       -Djdk.tls.ephemeralDHKeySize=2048
25-Sep-2025 20:30:40.458 信息 [main] org.apache.catalina.startup.VersionLoggerListener.log 命令行参数：       -Djava.protocol.handler.pkgs=org.apache.catalina.webresources
25-Sep-2025 20:30:40.458 信息 [main] org.apache.catalina.startup.VersionLoggerListener.log 命令行参数：       -Dsun.io.useCanonCaches=false
25-Sep-2025 20:30:40.458 信息 [main] org.apache.catalina.startup.VersionLoggerListener.log 命令行参数：       -Dignore.endorsed.dirs=
25-Sep-2025 20:30:40.458 信息 [main] org.apache.catalina.startup.VersionLoggerListener.log 命令行参数：       -Dcatalina.base=C:\Users\zhangzuomin\Desktop\runSystem0926\runSystem
25-Sep-2025 20:30:40.458 信息 [main] org.apache.catalina.startup.VersionLoggerListener.log 命令行参数：       -Dcatalina.home=C:\Users\zhangzuomin\Desktop\runSystem0926\runSystem
25-Sep-2025 20:30:40.458 信息 [main] org.apache.catalina.startup.VersionLoggerListener.log 命令行参数：       -Djava.io.tmpdir=C:\Users\zhangzuomin\Desktop\runSystem0926\runSystem\temp
25-Sep-2025 20:30:40.458 信息 [main] org.apache.catalina.core.AprLifecycleListener.lifecycleEvent 使用APR版本[1.7.4]加载了基于APR的Apache Tomcat本机库[1.3.1]。
25-Sep-2025 20:30:40.458 信息 [main] org.apache.catalina.core.AprLifecycleListener.lifecycleEvent APR功能：IPv6[true]、sendfile[true]、accept filters[false]、random[true]、UDS [true]。
25-Sep-2025 20:30:40.458 信息 [main] org.apache.catalina.core.AprLifecycleListener.lifecycleEvent APR/OpenSSL配置：useAprConnector[false]，useOpenSSL[true]
25-Sep-2025 20:30:40.473 信息 [main] org.apache.catalina.core.AprLifecycleListener.initializeSSL OpenSSL成功初始化 [OpenSSL 3.0.14 4 Jun 2024]
25-Sep-2025 20:30:40.975 信息 [main] org.apache.coyote.AbstractProtocol.init 初始化协议处理器 ["http-nio-8092"]
25-Sep-2025 20:30:41.006 信息 [main] org.apache.catalina.startup.Catalina.load 服务器在[820]毫秒内初始化
25-Sep-2025 20:30:41.037 信息 [main] org.apache.catalina.core.StandardService.startInternal 正在启动服务[Catalina]
25-Sep-2025 20:30:41.069 信息 [main] org.apache.catalina.core.StandardEngine.startInternal 正在启动 Servlet 引擎：[Apache Tomcat/9.0.99]
25-Sep-2025 20:30:41.069 信息 [main] org.apache.catalina.startup.HostConfig.deployDirectory 把web 应用程序部署到目录 [C:\Users\zhangzuomin\Desktop\runSystem0926\runSystem\webapps\app]
25-Sep-2025 20:30:41.522 警告 [main] org.apache.catalina.util.SessionIdGeneratorBase.createSecureRandom 使用[SHA1PRNG]创建会话ID生成的SecureRandom实例花费了[235]毫秒。
25-Sep-2025 20:30:41.616 信息 [main] org.apache.catalina.startup.HostConfig.deployDirectory Web应用程序目录[C:\Users\zhangzuomin\Desktop\runSystem0926\runSystem\webapps\app]的部署已在[547]毫秒内完成
25-Sep-2025 20:30:41.632 信息 [main] org.apache.coyote.AbstractProtocol.start 开始协议处理句柄["http-nio-8092"]
25-Sep-2025 20:30:41.679 信息 [main] org.apache.catalina.startup.Catalina.start [662]毫秒后服务器启动
